2022-07-18 16:38:17 DEBUG cache:45 - Couldn't find template in cache for "v3html/v3-html-index.ftl"("en", UTF-8, parsed); will try to load it.
2022-07-18 16:38:17 DEBUG cache:45 - TemplateLoader.findTemplateSource("v3html/v3-html-index_en.ftl"): Not found
2022-07-18 16:38:17 DEBUG cache:45 - TemplateLoader.findTemplateSource("v3html/v3-html-index.ftl"): Found
2022-07-18 16:38:17 DEBUG cache:45 - Loading template for "v3html/v3-html-index.ftl"("en", UTF-8, parsed) from "jar:file:/C:/Users/Kedar%20Patil/.m2/repository/com/aventstack/extentreports/4.0.9/extentreports-4.0.9.jar!/com/aventstack/extentreports/view/v3html/v3-html-index.ftl"
2022-07-18 16:38:17 DEBUG cache:45 - Couldn't find template in cache for "v3html/v3-html-head.ftl"("en", UTF-8, parsed); will try to load it.
2022-07-18 16:38:17 DEBUG cache:45 - TemplateLoader.findTemplateSource("v3html/v3-html-head_en.ftl"): Not found
2022-07-18 16:38:17 DEBUG cache:45 - TemplateLoader.findTemplateSource("v3html/v3-html-head.ftl"): Found
2022-07-18 16:38:17 DEBUG cache:45 - Loading template for "v3html/v3-html-head.ftl"("en", UTF-8, parsed) from "jar:file:/C:/Users/Kedar%20Patil/.m2/repository/com/aventstack/extentreports/4.0.9/extentreports-4.0.9.jar!/com/aventstack/extentreports/view/v3html/v3-html-head.ftl"
2022-07-18 16:38:17 DEBUG cache:45 - Couldn't find template in cache for "v3html/v3-html-nav.ftl"("en", UTF-8, parsed); will try to load it.
2022-07-18 16:38:17 DEBUG cache:45 - TemplateLoader.findTemplateSource("v3html/v3-html-nav_en.ftl"): Not found
2022-07-18 16:38:17 DEBUG cache:45 - TemplateLoader.findTemplateSource("v3html/v3-html-nav.ftl"): Found
2022-07-18 16:38:17 DEBUG cache:45 - Loading template for "v3html/v3-html-nav.ftl"("en", UTF-8, parsed) from "jar:file:/C:/Users/Kedar%20Patil/.m2/repository/com/aventstack/extentreports/4.0.9/extentreports-4.0.9.jar!/com/aventstack/extentreports/view/v3html/v3-html-nav.ftl"
2022-07-18 16:38:18 DEBUG cache:45 - Couldn't find template in cache for "v3html/test-view/v3-html-test-view.ftl"("en", UTF-8, parsed); will try to load it.
2022-07-18 16:38:18 DEBUG cache:45 - TemplateLoader.findTemplateSource("v3html/test-view/v3-html-test-view_en.ftl"): Not found
2022-07-18 16:38:18 DEBUG cache:45 - TemplateLoader.findTemplateSource("v3html/test-view/v3-html-test-view.ftl"): Found
2022-07-18 16:38:18 DEBUG cache:45 - Loading template for "v3html/test-view/v3-html-test-view.ftl"("en", UTF-8, parsed) from "jar:file:/C:/Users/Kedar%20Patil/.m2/repository/com/aventstack/extentreports/4.0.9/extentreports-4.0.9.jar!/com/aventstack/extentreports/view/v3html/test-view/v3-html-test-view.ftl"
2022-07-18 16:38:18 DEBUG cache:45 - Couldn't find template in cache for "v3html/test-view/v3-html-test-view-charts.ftl"("en", UTF-8, parsed); will try to load it.
2022-07-18 16:38:18 DEBUG cache:45 - TemplateLoader.findTemplateSource("v3html/test-view/v3-html-test-view-charts_en.ftl"): Not found
2022-07-18 16:38:18 DEBUG cache:45 - TemplateLoader.findTemplateSource("v3html/test-view/v3-html-test-view-charts.ftl"): Found
2022-07-18 16:38:18 DEBUG cache:45 - Loading template for "v3html/test-view/v3-html-test-view-charts.ftl"("en", UTF-8, parsed) from "jar:file:/C:/Users/Kedar%20Patil/.m2/repository/com/aventstack/extentreports/4.0.9/extentreports-4.0.9.jar!/com/aventstack/extentreports/view/v3html/test-view/v3-html-test-view-charts.ftl"
2022-07-18 16:38:18 DEBUG cache:45 - Couldn't find template in cache for "v3html/test-view/v3-html-standard.ftl"("en", UTF-8, parsed); will try to load it.
2022-07-18 16:38:18 DEBUG cache:45 - TemplateLoader.findTemplateSource("v3html/test-view/v3-html-standard_en.ftl"): Not found
2022-07-18 16:38:18 DEBUG cache:45 - TemplateLoader.findTemplateSource("v3html/test-view/v3-html-standard.ftl"): Found
2022-07-18 16:38:18 DEBUG cache:45 - Loading template for "v3html/test-view/v3-html-standard.ftl"("en", UTF-8, parsed) from "jar:file:/C:/Users/Kedar%20Patil/.m2/repository/com/aventstack/extentreports/4.0.9/extentreports-4.0.9.jar!/com/aventstack/extentreports/view/v3html/test-view/v3-html-standard.ftl"
2022-07-18 16:38:18 DEBUG cache:45 - "v3html/test-view/v3-html-standard.ftl"("en", UTF-8, parsed) cached copy not yet stale; using cached.
2022-07-18 16:38:18 DEBUG cache:45 - "v3html/test-view/v3-html-standard.ftl"("en", UTF-8, parsed) cached copy not yet stale; using cached.
2022-07-18 16:38:18 DEBUG cache:45 - "v3html/test-view/v3-html-standard.ftl"("en", UTF-8, parsed) cached copy not yet stale; using cached.
2022-07-18 16:38:18 DEBUG cache:45 - "v3html/test-view/v3-html-standard.ftl"("en", UTF-8, parsed) cached copy not yet stale; using cached.
2022-07-18 16:38:18 DEBUG cache:45 - Couldn't find template in cache for "v3html/category-view/v3-html-category-view.ftl"("en", UTF-8, parsed); will try to load it.
2022-07-18 16:38:18 DEBUG cache:45 - TemplateLoader.findTemplateSource("v3html/category-view/v3-html-category-view_en.ftl"): Not found
2022-07-18 16:38:18 DEBUG cache:45 - TemplateLoader.findTemplateSource("v3html/category-view/v3-html-category-view.ftl"): Found
2022-07-18 16:38:18 DEBUG cache:45 - Loading template for "v3html/category-view/v3-html-category-view.ftl"("en", UTF-8, parsed) from "jar:file:/C:/Users/Kedar%20Patil/.m2/repository/com/aventstack/extentreports/4.0.9/extentreports-4.0.9.jar!/com/aventstack/extentreports/view/v3html/category-view/v3-html-category-view.ftl"
2022-07-18 16:38:18 DEBUG cache:45 - Couldn't find template in cache for "v3html/exception-view/v3-html-exception-view.ftl"("en", UTF-8, parsed); will try to load it.
2022-07-18 16:38:18 DEBUG cache:45 - TemplateLoader.findTemplateSource("v3html/exception-view/v3-html-exception-view_en.ftl"): Not found
2022-07-18 16:38:18 DEBUG cache:45 - TemplateLoader.findTemplateSource("v3html/exception-view/v3-html-exception-view.ftl"): Found
2022-07-18 16:38:18 DEBUG cache:45 - Loading template for "v3html/exception-view/v3-html-exception-view.ftl"("en", UTF-8, parsed) from "jar:file:/C:/Users/Kedar%20Patil/.m2/repository/com/aventstack/extentreports/4.0.9/extentreports-4.0.9.jar!/com/aventstack/extentreports/view/v3html/exception-view/v3-html-exception-view.ftl"
2022-07-18 16:38:18 DEBUG cache:45 - Couldn't find template in cache for "v3html/author-view/v3-html-author-view.ftl"("en", UTF-8, parsed); will try to load it.
2022-07-18 16:38:18 DEBUG cache:45 - TemplateLoader.findTemplateSource("v3html/author-view/v3-html-author-view_en.ftl"): Not found
2022-07-18 16:38:18 DEBUG cache:45 - TemplateLoader.findTemplateSource("v3html/author-view/v3-html-author-view.ftl"): Found
2022-07-18 16:38:18 DEBUG cache:45 - Loading template for "v3html/author-view/v3-html-author-view.ftl"("en", UTF-8, parsed) from "jar:file:/C:/Users/Kedar%20Patil/.m2/repository/com/aventstack/extentreports/4.0.9/extentreports-4.0.9.jar!/com/aventstack/extentreports/view/v3html/author-view/v3-html-author-view.ftl"
2022-07-18 16:38:18 DEBUG cache:45 - Couldn't find template in cache for "v3html/dashboard-view/v3-html-dashboard-view.ftl"("en", UTF-8, parsed); will try to load it.
2022-07-18 16:38:18 DEBUG cache:45 - TemplateLoader.findTemplateSource("v3html/dashboard-view/v3-html-dashboard-view_en.ftl"): Not found
2022-07-18 16:38:18 DEBUG cache:45 - TemplateLoader.findTemplateSource("v3html/dashboard-view/v3-html-dashboard-view.ftl"): Found
2022-07-18 16:38:18 DEBUG cache:45 - Loading template for "v3html/dashboard-view/v3-html-dashboard-view.ftl"("en", UTF-8, parsed) from "jar:file:/C:/Users/Kedar%20Patil/.m2/repository/com/aventstack/extentreports/4.0.9/extentreports-4.0.9.jar!/com/aventstack/extentreports/view/v3html/dashboard-view/v3-html-dashboard-view.ftl"
2022-07-18 16:38:18 DEBUG cache:45 - Couldn't find template in cache for "v3html/logs-view/v3-html-testrunner-logs-view.ftl"("en", UTF-8, parsed); will try to load it.
2022-07-18 16:38:18 DEBUG cache:45 - TemplateLoader.findTemplateSource("v3html/logs-view/v3-html-testrunner-logs-view_en.ftl"): Not found
2022-07-18 16:38:18 DEBUG cache:45 - TemplateLoader.findTemplateSource("v3html/logs-view/v3-html-testrunner-logs-view.ftl"): Found
2022-07-18 16:38:18 DEBUG cache:45 - Loading template for "v3html/logs-view/v3-html-testrunner-logs-view.ftl"("en", UTF-8, parsed) from "jar:file:/C:/Users/Kedar%20Patil/.m2/repository/com/aventstack/extentreports/4.0.9/extentreports-4.0.9.jar!/com/aventstack/extentreports/view/v3html/logs-view/v3-html-testrunner-logs-view.ftl"
2022-07-18 16:44:42 INFO  Log:15 - =====================================verifySetLogin TEST END=========================================
2022-07-18 16:44:51 INFO  Log:15 - =====================================verifySetLogo TEST END=========================================
2022-07-18 16:45:25 INFO  Log:15 - =====================================verifyTitle TEST END=========================================
2022-07-18 16:45:25 DEBUG cache:45 - Couldn't find template in cache for "v3html/v3-html-index.ftl"("en", UTF-8, parsed); will try to load it.
2022-07-18 16:45:25 DEBUG cache:45 - TemplateLoader.findTemplateSource("v3html/v3-html-index_en.ftl"): Not found
2022-07-18 16:45:25 DEBUG cache:45 - TemplateLoader.findTemplateSource("v3html/v3-html-index.ftl"): Found
2022-07-18 16:45:25 DEBUG cache:45 - Loading template for "v3html/v3-html-index.ftl"("en", UTF-8, parsed) from "jar:file:/C:/Users/Kedar%20Patil/.m2/repository/com/aventstack/extentreports/4.0.9/extentreports-4.0.9.jar!/com/aventstack/extentreports/view/v3html/v3-html-index.ftl"
2022-07-18 16:45:26 DEBUG cache:45 - Couldn't find template in cache for "v3html/v3-html-head.ftl"("en", UTF-8, parsed); will try to load it.
2022-07-18 16:45:26 DEBUG cache:45 - TemplateLoader.findTemplateSource("v3html/v3-html-head_en.ftl"): Not found
2022-07-18 16:45:26 DEBUG cache:45 - TemplateLoader.findTemplateSource("v3html/v3-html-head.ftl"): Found
2022-07-18 16:45:26 DEBUG cache:45 - Loading template for "v3html/v3-html-head.ftl"("en", UTF-8, parsed) from "jar:file:/C:/Users/Kedar%20Patil/.m2/repository/com/aventstack/extentreports/4.0.9/extentreports-4.0.9.jar!/com/aventstack/extentreports/view/v3html/v3-html-head.ftl"
2022-07-18 16:45:26 DEBUG cache:45 - Couldn't find template in cache for "v3html/v3-html-nav.ftl"("en", UTF-8, parsed); will try to load it.
2022-07-18 16:45:26 DEBUG cache:45 - TemplateLoader.findTemplateSource("v3html/v3-html-nav_en.ftl"): Not found
2022-07-18 16:45:26 DEBUG cache:45 - TemplateLoader.findTemplateSource("v3html/v3-html-nav.ftl"): Found
2022-07-18 16:45:26 DEBUG cache:45 - Loading template for "v3html/v3-html-nav.ftl"("en", UTF-8, parsed) from "jar:file:/C:/Users/Kedar%20Patil/.m2/repository/com/aventstack/extentreports/4.0.9/extentreports-4.0.9.jar!/com/aventstack/extentreports/view/v3html/v3-html-nav.ftl"
2022-07-18 16:45:26 DEBUG cache:45 - Couldn't find template in cache for "v3html/test-view/v3-html-test-view.ftl"("en", UTF-8, parsed); will try to load it.
2022-07-18 16:45:26 DEBUG cache:45 - TemplateLoader.findTemplateSource("v3html/test-view/v3-html-test-view_en.ftl"): Not found
2022-07-18 16:45:26 DEBUG cache:45 - TemplateLoader.findTemplateSource("v3html/test-view/v3-html-test-view.ftl"): Found
2022-07-18 16:45:26 DEBUG cache:45 - Loading template for "v3html/test-view/v3-html-test-view.ftl"("en", UTF-8, parsed) from "jar:file:/C:/Users/Kedar%20Patil/.m2/repository/com/aventstack/extentreports/4.0.9/extentreports-4.0.9.jar!/com/aventstack/extentreports/view/v3html/test-view/v3-html-test-view.ftl"
2022-07-18 16:45:26 DEBUG cache:45 - Couldn't find template in cache for "v3html/test-view/v3-html-test-view-charts.ftl"("en", UTF-8, parsed); will try to load it.
2022-07-18 16:45:26 DEBUG cache:45 - TemplateLoader.findTemplateSource("v3html/test-view/v3-html-test-view-charts_en.ftl"): Not found
2022-07-18 16:45:26 DEBUG cache:45 - TemplateLoader.findTemplateSource("v3html/test-view/v3-html-test-view-charts.ftl"): Found
2022-07-18 16:45:26 DEBUG cache:45 - Loading template for "v3html/test-view/v3-html-test-view-charts.ftl"("en", UTF-8, parsed) from "jar:file:/C:/Users/Kedar%20Patil/.m2/repository/com/aventstack/extentreports/4.0.9/extentreports-4.0.9.jar!/com/aventstack/extentreports/view/v3html/test-view/v3-html-test-view-charts.ftl"
2022-07-18 16:45:26 DEBUG cache:45 - Couldn't find template in cache for "v3html/test-view/v3-html-standard.ftl"("en", UTF-8, parsed); will try to load it.
2022-07-18 16:45:26 DEBUG cache:45 - TemplateLoader.findTemplateSource("v3html/test-view/v3-html-standard_en.ftl"): Not found
2022-07-18 16:45:26 DEBUG cache:45 - TemplateLoader.findTemplateSource("v3html/test-view/v3-html-standard.ftl"): Found
2022-07-18 16:45:26 DEBUG cache:45 - Loading template for "v3html/test-view/v3-html-standard.ftl"("en", UTF-8, parsed) from "jar:file:/C:/Users/Kedar%20Patil/.m2/repository/com/aventstack/extentreports/4.0.9/extentreports-4.0.9.jar!/com/aventstack/extentreports/view/v3html/test-view/v3-html-standard.ftl"
2022-07-18 16:45:26 DEBUG cache:45 - "v3html/test-view/v3-html-standard.ftl"("en", UTF-8, parsed) cached copy not yet stale; using cached.
2022-07-18 16:45:26 DEBUG cache:45 - "v3html/test-view/v3-html-standard.ftl"("en", UTF-8, parsed) cached copy not yet stale; using cached.
2022-07-18 16:45:26 DEBUG cache:45 - "v3html/test-view/v3-html-standard.ftl"("en", UTF-8, parsed) cached copy not yet stale; using cached.
2022-07-18 16:45:26 DEBUG cache:45 - "v3html/test-view/v3-html-standard.ftl"("en", UTF-8, parsed) cached copy not yet stale; using cached.
2022-07-18 16:45:26 DEBUG cache:45 - Couldn't find template in cache for "v3html/category-view/v3-html-category-view.ftl"("en", UTF-8, parsed); will try to load it.
2022-07-18 16:45:26 DEBUG cache:45 - TemplateLoader.findTemplateSource("v3html/category-view/v3-html-category-view_en.ftl"): Not found
2022-07-18 16:45:26 DEBUG cache:45 - TemplateLoader.findTemplateSource("v3html/category-view/v3-html-category-view.ftl"): Found
2022-07-18 16:45:26 DEBUG cache:45 - Loading template for "v3html/category-view/v3-html-category-view.ftl"("en", UTF-8, parsed) from "jar:file:/C:/Users/Kedar%20Patil/.m2/repository/com/aventstack/extentreports/4.0.9/extentreports-4.0.9.jar!/com/aventstack/extentreports/view/v3html/category-view/v3-html-category-view.ftl"
2022-07-18 16:45:26 DEBUG cache:45 - Couldn't find template in cache for "v3html/exception-view/v3-html-exception-view.ftl"("en", UTF-8, parsed); will try to load it.
2022-07-18 16:45:26 DEBUG cache:45 - TemplateLoader.findTemplateSource("v3html/exception-view/v3-html-exception-view_en.ftl"): Not found
2022-07-18 16:45:26 DEBUG cache:45 - TemplateLoader.findTemplateSource("v3html/exception-view/v3-html-exception-view.ftl"): Found
2022-07-18 16:45:26 DEBUG cache:45 - Loading template for "v3html/exception-view/v3-html-exception-view.ftl"("en", UTF-8, parsed) from "jar:file:/C:/Users/Kedar%20Patil/.m2/repository/com/aventstack/extentreports/4.0.9/extentreports-4.0.9.jar!/com/aventstack/extentreports/view/v3html/exception-view/v3-html-exception-view.ftl"
2022-07-18 16:45:26 DEBUG cache:45 - Couldn't find template in cache for "v3html/author-view/v3-html-author-view.ftl"("en", UTF-8, parsed); will try to load it.
2022-07-18 16:45:26 DEBUG cache:45 - TemplateLoader.findTemplateSource("v3html/author-view/v3-html-author-view_en.ftl"): Not found
2022-07-18 16:45:26 DEBUG cache:45 - TemplateLoader.findTemplateSource("v3html/author-view/v3-html-author-view.ftl"): Found
2022-07-18 16:45:26 DEBUG cache:45 - Loading template for "v3html/author-view/v3-html-author-view.ftl"("en", UTF-8, parsed) from "jar:file:/C:/Users/Kedar%20Patil/.m2/repository/com/aventstack/extentreports/4.0.9/extentreports-4.0.9.jar!/com/aventstack/extentreports/view/v3html/author-view/v3-html-author-view.ftl"
2022-07-18 16:45:26 DEBUG cache:45 - Couldn't find template in cache for "v3html/dashboard-view/v3-html-dashboard-view.ftl"("en", UTF-8, parsed); will try to load it.
2022-07-18 16:45:26 DEBUG cache:45 - TemplateLoader.findTemplateSource("v3html/dashboard-view/v3-html-dashboard-view_en.ftl"): Not found
2022-07-18 16:45:26 DEBUG cache:45 - TemplateLoader.findTemplateSource("v3html/dashboard-view/v3-html-dashboard-view.ftl"): Found
2022-07-18 16:45:26 DEBUG cache:45 - Loading template for "v3html/dashboard-view/v3-html-dashboard-view.ftl"("en", UTF-8, parsed) from "jar:file:/C:/Users/Kedar%20Patil/.m2/repository/com/aventstack/extentreports/4.0.9/extentreports-4.0.9.jar!/com/aventstack/extentreports/view/v3html/dashboard-view/v3-html-dashboard-view.ftl"
2022-07-18 16:45:27 DEBUG cache:45 - Couldn't find template in cache for "v3html/logs-view/v3-html-testrunner-logs-view.ftl"("en", UTF-8, parsed); will try to load it.
2022-07-18 16:45:27 DEBUG cache:45 - TemplateLoader.findTemplateSource("v3html/logs-view/v3-html-testrunner-logs-view_en.ftl"): Not found
2022-07-18 16:45:27 DEBUG cache:45 - TemplateLoader.findTemplateSource("v3html/logs-view/v3-html-testrunner-logs-view.ftl"): Found
2022-07-18 16:45:27 DEBUG cache:45 - Loading template for "v3html/logs-view/v3-html-testrunner-logs-view.ftl"("en", UTF-8, parsed) from "jar:file:/C:/Users/Kedar%20Patil/.m2/repository/com/aventstack/extentreports/4.0.9/extentreports-4.0.9.jar!/com/aventstack/extentreports/view/v3html/logs-view/v3-html-testrunner-logs-view.ftl"
2022-07-18 16:50:25 INFO  Log:11 - =====================================verifySetLogin TEST START=========================================
2022-07-18 16:50:31 INFO  Log:15 - =====================================verifySetLogin TEST END=========================================
2022-07-18 16:50:39 INFO  Log:11 - =====================================verifySetLogo TEST START=========================================
2022-07-18 16:50:39 INFO  Log:15 - =====================================verifySetLogo TEST END=========================================
2022-07-18 16:50:48 INFO  Log:11 - =====================================verifyDisplayLogo TEST START=========================================
2022-07-18 16:50:48 INFO  Log:15 - =====================================verifyDisplayLogo TEST END=========================================
2022-07-18 16:55:39 INFO  Log:11 - =====================================verifySetLogin TEST START=========================================
2022-07-18 16:55:39 INFO  Log:15 - =====================================verifyTitle TEST END=========================================
2022-07-18 16:55:42 DEBUG cache:45 - Couldn't find template in cache for "v3html/v3-html-index.ftl"("en", UTF-8, parsed); will try to load it.
2022-07-18 16:55:42 DEBUG cache:45 - TemplateLoader.findTemplateSource("v3html/v3-html-index_en.ftl"): Not found
2022-07-18 16:55:42 DEBUG cache:45 - TemplateLoader.findTemplateSource("v3html/v3-html-index.ftl"): Found
2022-07-18 16:55:42 DEBUG cache:45 - Loading template for "v3html/v3-html-index.ftl"("en", UTF-8, parsed) from "jar:file:/C:/Users/Kedar%20Patil/.m2/repository/com/aventstack/extentreports/4.0.9/extentreports-4.0.9.jar!/com/aventstack/extentreports/view/v3html/v3-html-index.ftl"
2022-07-18 16:55:43 DEBUG cache:45 - Couldn't find template in cache for "v3html/v3-html-head.ftl"("en", UTF-8, parsed); will try to load it.
2022-07-18 16:55:43 DEBUG cache:45 - TemplateLoader.findTemplateSource("v3html/v3-html-head_en.ftl"): Not found
2022-07-18 16:55:43 DEBUG cache:45 - TemplateLoader.findTemplateSource("v3html/v3-html-head.ftl"): Found
2022-07-18 16:55:43 DEBUG cache:45 - Loading template for "v3html/v3-html-head.ftl"("en", UTF-8, parsed) from "jar:file:/C:/Users/Kedar%20Patil/.m2/repository/com/aventstack/extentreports/4.0.9/extentreports-4.0.9.jar!/com/aventstack/extentreports/view/v3html/v3-html-head.ftl"
2022-07-18 16:55:43 DEBUG cache:45 - Couldn't find template in cache for "v3html/v3-html-nav.ftl"("en", UTF-8, parsed); will try to load it.
2022-07-18 16:55:43 DEBUG cache:45 - TemplateLoader.findTemplateSource("v3html/v3-html-nav_en.ftl"): Not found
2022-07-18 16:55:43 DEBUG cache:45 - TemplateLoader.findTemplateSource("v3html/v3-html-nav.ftl"): Found
2022-07-18 16:55:43 DEBUG cache:45 - Loading template for "v3html/v3-html-nav.ftl"("en", UTF-8, parsed) from "jar:file:/C:/Users/Kedar%20Patil/.m2/repository/com/aventstack/extentreports/4.0.9/extentreports-4.0.9.jar!/com/aventstack/extentreports/view/v3html/v3-html-nav.ftl"
2022-07-18 16:55:43 DEBUG cache:45 - Couldn't find template in cache for "v3html/test-view/v3-html-test-view.ftl"("en", UTF-8, parsed); will try to load it.
2022-07-18 16:55:43 DEBUG cache:45 - TemplateLoader.findTemplateSource("v3html/test-view/v3-html-test-view_en.ftl"): Not found
2022-07-18 16:55:43 DEBUG cache:45 - TemplateLoader.findTemplateSource("v3html/test-view/v3-html-test-view.ftl"): Found
2022-07-18 16:55:43 DEBUG cache:45 - Loading template for "v3html/test-view/v3-html-test-view.ftl"("en", UTF-8, parsed) from "jar:file:/C:/Users/Kedar%20Patil/.m2/repository/com/aventstack/extentreports/4.0.9/extentreports-4.0.9.jar!/com/aventstack/extentreports/view/v3html/test-view/v3-html-test-view.ftl"
2022-07-18 16:55:43 DEBUG cache:45 - Couldn't find template in cache for "v3html/test-view/v3-html-test-view-charts.ftl"("en", UTF-8, parsed); will try to load it.
2022-07-18 16:55:43 DEBUG cache:45 - TemplateLoader.findTemplateSource("v3html/test-view/v3-html-test-view-charts_en.ftl"): Not found
2022-07-18 16:55:43 DEBUG cache:45 - TemplateLoader.findTemplateSource("v3html/test-view/v3-html-test-view-charts.ftl"): Found
2022-07-18 16:55:43 DEBUG cache:45 - Loading template for "v3html/test-view/v3-html-test-view-charts.ftl"("en", UTF-8, parsed) from "jar:file:/C:/Users/Kedar%20Patil/.m2/repository/com/aventstack/extentreports/4.0.9/extentreports-4.0.9.jar!/com/aventstack/extentreports/view/v3html/test-view/v3-html-test-view-charts.ftl"
2022-07-18 16:55:43 DEBUG cache:45 - Couldn't find template in cache for "v3html/test-view/v3-html-standard.ftl"("en", UTF-8, parsed); will try to load it.
2022-07-18 16:55:43 DEBUG cache:45 - TemplateLoader.findTemplateSource("v3html/test-view/v3-html-standard_en.ftl"): Not found
2022-07-18 16:55:43 DEBUG cache:45 - TemplateLoader.findTemplateSource("v3html/test-view/v3-html-standard.ftl"): Found
2022-07-18 16:55:43 DEBUG cache:45 - Loading template for "v3html/test-view/v3-html-standard.ftl"("en", UTF-8, parsed) from "jar:file:/C:/Users/Kedar%20Patil/.m2/repository/com/aventstack/extentreports/4.0.9/extentreports-4.0.9.jar!/com/aventstack/extentreports/view/v3html/test-view/v3-html-standard.ftl"
2022-07-18 16:55:43 DEBUG cache:45 - Couldn't find template in cache for "v3html/category-view/v3-html-category-view.ftl"("en", UTF-8, parsed); will try to load it.
2022-07-18 16:55:43 DEBUG cache:45 - TemplateLoader.findTemplateSource("v3html/category-view/v3-html-category-view_en.ftl"): Not found
2022-07-18 16:55:43 DEBUG cache:45 - TemplateLoader.findTemplateSource("v3html/category-view/v3-html-category-view.ftl"): Found
2022-07-18 16:55:43 DEBUG cache:45 - Loading template for "v3html/category-view/v3-html-category-view.ftl"("en", UTF-8, parsed) from "jar:file:/C:/Users/Kedar%20Patil/.m2/repository/com/aventstack/extentreports/4.0.9/extentreports-4.0.9.jar!/com/aventstack/extentreports/view/v3html/category-view/v3-html-category-view.ftl"
2022-07-18 16:55:43 DEBUG cache:45 - Couldn't find template in cache for "v3html/exception-view/v3-html-exception-view.ftl"("en", UTF-8, parsed); will try to load it.
2022-07-18 16:55:43 DEBUG cache:45 - TemplateLoader.findTemplateSource("v3html/exception-view/v3-html-exception-view_en.ftl"): Not found
2022-07-18 16:55:43 DEBUG cache:45 - TemplateLoader.findTemplateSource("v3html/exception-view/v3-html-exception-view.ftl"): Found
2022-07-18 16:55:43 DEBUG cache:45 - Loading template for "v3html/exception-view/v3-html-exception-view.ftl"("en", UTF-8, parsed) from "jar:file:/C:/Users/Kedar%20Patil/.m2/repository/com/aventstack/extentreports/4.0.9/extentreports-4.0.9.jar!/com/aventstack/extentreports/view/v3html/exception-view/v3-html-exception-view.ftl"
2022-07-18 16:55:43 DEBUG cache:45 - Couldn't find template in cache for "v3html/author-view/v3-html-author-view.ftl"("en", UTF-8, parsed); will try to load it.
2022-07-18 16:55:43 DEBUG cache:45 - TemplateLoader.findTemplateSource("v3html/author-view/v3-html-author-view_en.ftl"): Not found
2022-07-18 16:55:43 DEBUG cache:45 - TemplateLoader.findTemplateSource("v3html/author-view/v3-html-author-view.ftl"): Found
2022-07-18 16:55:43 DEBUG cache:45 - Loading template for "v3html/author-view/v3-html-author-view.ftl"("en", UTF-8, parsed) from "jar:file:/C:/Users/Kedar%20Patil/.m2/repository/com/aventstack/extentreports/4.0.9/extentreports-4.0.9.jar!/com/aventstack/extentreports/view/v3html/author-view/v3-html-author-view.ftl"
2022-07-18 16:55:43 DEBUG cache:45 - Couldn't find template in cache for "v3html/dashboard-view/v3-html-dashboard-view.ftl"("en", UTF-8, parsed); will try to load it.
2022-07-18 16:55:43 DEBUG cache:45 - TemplateLoader.findTemplateSource("v3html/dashboard-view/v3-html-dashboard-view_en.ftl"): Not found
2022-07-18 16:55:43 DEBUG cache:45 - TemplateLoader.findTemplateSource("v3html/dashboard-view/v3-html-dashboard-view.ftl"): Found
2022-07-18 16:55:43 DEBUG cache:45 - Loading template for "v3html/dashboard-view/v3-html-dashboard-view.ftl"("en", UTF-8, parsed) from "jar:file:/C:/Users/Kedar%20Patil/.m2/repository/com/aventstack/extentreports/4.0.9/extentreports-4.0.9.jar!/com/aventstack/extentreports/view/v3html/dashboard-view/v3-html-dashboard-view.ftl"
2022-07-18 16:55:43 DEBUG cache:45 - Couldn't find template in cache for "v3html/logs-view/v3-html-testrunner-logs-view.ftl"("en", UTF-8, parsed); will try to load it.
2022-07-18 16:55:43 DEBUG cache:45 - TemplateLoader.findTemplateSource("v3html/logs-view/v3-html-testrunner-logs-view_en.ftl"): Not found
2022-07-18 16:55:43 DEBUG cache:45 - TemplateLoader.findTemplateSource("v3html/logs-view/v3-html-testrunner-logs-view.ftl"): Found
2022-07-18 16:55:43 DEBUG cache:45 - Loading template for "v3html/logs-view/v3-html-testrunner-logs-view.ftl"("en", UTF-8, parsed) from "jar:file:/C:/Users/Kedar%20Patil/.m2/repository/com/aventstack/extentreports/4.0.9/extentreports-4.0.9.jar!/com/aventstack/extentreports/view/v3html/logs-view/v3-html-testrunner-logs-view.ftl"
2022-07-31 11:35:24 INFO  Log:11 - =====================================verifySetLogin TEST START=========================================
2022-07-31 11:35:30 INFO  Log:15 - =====================================verifySetLogin TEST END=========================================
2022-07-31 11:38:41 INFO  Log:11 - =====================================verifySetLogin TEST START=========================================
2022-07-31 11:38:41 INFO  Log:15 - =====================================verifyTitle TEST END=========================================
2022-07-31 11:38:42 DEBUG cache:45 - Couldn't find template in cache for "v3html/v3-html-index.ftl"("en", UTF-8, parsed); will try to load it.
2022-07-31 11:38:42 DEBUG cache:45 - TemplateLoader.findTemplateSource("v3html/v3-html-index_en.ftl"): Not found
2022-07-31 11:38:42 DEBUG cache:45 - TemplateLoader.findTemplateSource("v3html/v3-html-index.ftl"): Found
2022-07-31 11:38:42 DEBUG cache:45 - Loading template for "v3html/v3-html-index.ftl"("en", UTF-8, parsed) from "jar:file:/C:/Users/Kedar%20Patil/.m2/repository/com/aventstack/extentreports/4.0.9/extentreports-4.0.9.jar!/com/aventstack/extentreports/view/v3html/v3-html-index.ftl"
2022-07-31 11:38:43 DEBUG cache:45 - Couldn't find template in cache for "v3html/v3-html-head.ftl"("en", UTF-8, parsed); will try to load it.
2022-07-31 11:38:43 DEBUG cache:45 - TemplateLoader.findTemplateSource("v3html/v3-html-head_en.ftl"): Not found
2022-07-31 11:38:43 DEBUG cache:45 - TemplateLoader.findTemplateSource("v3html/v3-html-head.ftl"): Found
2022-07-31 11:38:43 DEBUG cache:45 - Loading template for "v3html/v3-html-head.ftl"("en", UTF-8, parsed) from "jar:file:/C:/Users/Kedar%20Patil/.m2/repository/com/aventstack/extentreports/4.0.9/extentreports-4.0.9.jar!/com/aventstack/extentreports/view/v3html/v3-html-head.ftl"
2022-07-31 11:38:43 DEBUG cache:45 - Couldn't find template in cache for "v3html/v3-html-nav.ftl"("en", UTF-8, parsed); will try to load it.
2022-07-31 11:38:43 DEBUG cache:45 - TemplateLoader.findTemplateSource("v3html/v3-html-nav_en.ftl"): Not found
2022-07-31 11:38:43 DEBUG cache:45 - TemplateLoader.findTemplateSource("v3html/v3-html-nav.ftl"): Found
2022-07-31 11:38:43 DEBUG cache:45 - Loading template for "v3html/v3-html-nav.ftl"("en", UTF-8, parsed) from "jar:file:/C:/Users/Kedar%20Patil/.m2/repository/com/aventstack/extentreports/4.0.9/extentreports-4.0.9.jar!/com/aventstack/extentreports/view/v3html/v3-html-nav.ftl"
2022-07-31 11:38:43 DEBUG cache:45 - Couldn't find template in cache for "v3html/test-view/v3-html-test-view.ftl"("en", UTF-8, parsed); will try to load it.
2022-07-31 11:38:43 DEBUG cache:45 - TemplateLoader.findTemplateSource("v3html/test-view/v3-html-test-view_en.ftl"): Not found
2022-07-31 11:38:43 DEBUG cache:45 - TemplateLoader.findTemplateSource("v3html/test-view/v3-html-test-view.ftl"): Found
2022-07-31 11:38:43 DEBUG cache:45 - Loading template for "v3html/test-view/v3-html-test-view.ftl"("en", UTF-8, parsed) from "jar:file:/C:/Users/Kedar%20Patil/.m2/repository/com/aventstack/extentreports/4.0.9/extentreports-4.0.9.jar!/com/aventstack/extentreports/view/v3html/test-view/v3-html-test-view.ftl"
2022-07-31 11:38:43 DEBUG cache:45 - Couldn't find template in cache for "v3html/test-view/v3-html-test-view-charts.ftl"("en", UTF-8, parsed); will try to load it.
2022-07-31 11:38:43 DEBUG cache:45 - TemplateLoader.findTemplateSource("v3html/test-view/v3-html-test-view-charts_en.ftl"): Not found
2022-07-31 11:38:43 DEBUG cache:45 - TemplateLoader.findTemplateSource("v3html/test-view/v3-html-test-view-charts.ftl"): Found
2022-07-31 11:38:43 DEBUG cache:45 - Loading template for "v3html/test-view/v3-html-test-view-charts.ftl"("en", UTF-8, parsed) from "jar:file:/C:/Users/Kedar%20Patil/.m2/repository/com/aventstack/extentreports/4.0.9/extentreports-4.0.9.jar!/com/aventstack/extentreports/view/v3html/test-view/v3-html-test-view-charts.ftl"
2022-07-31 11:38:43 DEBUG cache:45 - Couldn't find template in cache for "v3html/test-view/v3-html-standard.ftl"("en", UTF-8, parsed); will try to load it.
2022-07-31 11:38:43 DEBUG cache:45 - TemplateLoader.findTemplateSource("v3html/test-view/v3-html-standard_en.ftl"): Not found
2022-07-31 11:38:43 DEBUG cache:45 - TemplateLoader.findTemplateSource("v3html/test-view/v3-html-standard.ftl"): Found
2022-07-31 11:38:43 DEBUG cache:45 - Loading template for "v3html/test-view/v3-html-standard.ftl"("en", UTF-8, parsed) from "jar:file:/C:/Users/Kedar%20Patil/.m2/repository/com/aventstack/extentreports/4.0.9/extentreports-4.0.9.jar!/com/aventstack/extentreports/view/v3html/test-view/v3-html-standard.ftl"
2022-07-31 11:38:43 DEBUG cache:45 - Couldn't find template in cache for "v3html/category-view/v3-html-category-view.ftl"("en", UTF-8, parsed); will try to load it.
2022-07-31 11:38:43 DEBUG cache:45 - TemplateLoader.findTemplateSource("v3html/category-view/v3-html-category-view_en.ftl"): Not found
2022-07-31 11:38:43 DEBUG cache:45 - TemplateLoader.findTemplateSource("v3html/category-view/v3-html-category-view.ftl"): Found
2022-07-31 11:38:43 DEBUG cache:45 - Loading template for "v3html/category-view/v3-html-category-view.ftl"("en", UTF-8, parsed) from "jar:file:/C:/Users/Kedar%20Patil/.m2/repository/com/aventstack/extentreports/4.0.9/extentreports-4.0.9.jar!/com/aventstack/extentreports/view/v3html/category-view/v3-html-category-view.ftl"
2022-07-31 11:38:43 DEBUG cache:45 - Couldn't find template in cache for "v3html/exception-view/v3-html-exception-view.ftl"("en", UTF-8, parsed); will try to load it.
2022-07-31 11:38:43 DEBUG cache:45 - TemplateLoader.findTemplateSource("v3html/exception-view/v3-html-exception-view_en.ftl"): Not found
2022-07-31 11:38:43 DEBUG cache:45 - TemplateLoader.findTemplateSource("v3html/exception-view/v3-html-exception-view.ftl"): Found
2022-07-31 11:38:43 DEBUG cache:45 - Loading template for "v3html/exception-view/v3-html-exception-view.ftl"("en", UTF-8, parsed) from "jar:file:/C:/Users/Kedar%20Patil/.m2/repository/com/aventstack/extentreports/4.0.9/extentreports-4.0.9.jar!/com/aventstack/extentreports/view/v3html/exception-view/v3-html-exception-view.ftl"
2022-07-31 11:38:43 DEBUG cache:45 - Couldn't find template in cache for "v3html/author-view/v3-html-author-view.ftl"("en", UTF-8, parsed); will try to load it.
2022-07-31 11:38:43 DEBUG cache:45 - TemplateLoader.findTemplateSource("v3html/author-view/v3-html-author-view_en.ftl"): Not found
2022-07-31 11:38:43 DEBUG cache:45 - TemplateLoader.findTemplateSource("v3html/author-view/v3-html-author-view.ftl"): Found
2022-07-31 11:38:43 DEBUG cache:45 - Loading template for "v3html/author-view/v3-html-author-view.ftl"("en", UTF-8, parsed) from "jar:file:/C:/Users/Kedar%20Patil/.m2/repository/com/aventstack/extentreports/4.0.9/extentreports-4.0.9.jar!/com/aventstack/extentreports/view/v3html/author-view/v3-html-author-view.ftl"
2022-07-31 11:38:43 DEBUG cache:45 - Couldn't find template in cache for "v3html/dashboard-view/v3-html-dashboard-view.ftl"("en", UTF-8, parsed); will try to load it.
2022-07-31 11:38:43 DEBUG cache:45 - TemplateLoader.findTemplateSource("v3html/dashboard-view/v3-html-dashboard-view_en.ftl"): Not found
2022-07-31 11:38:43 DEBUG cache:45 - TemplateLoader.findTemplateSource("v3html/dashboard-view/v3-html-dashboard-view.ftl"): Found
2022-07-31 11:38:43 DEBUG cache:45 - Loading template for "v3html/dashboard-view/v3-html-dashboard-view.ftl"("en", UTF-8, parsed) from "jar:file:/C:/Users/Kedar%20Patil/.m2/repository/com/aventstack/extentreports/4.0.9/extentreports-4.0.9.jar!/com/aventstack/extentreports/view/v3html/dashboard-view/v3-html-dashboard-view.ftl"
2022-07-31 11:38:43 DEBUG cache:45 - Couldn't find template in cache for "v3html/logs-view/v3-html-testrunner-logs-view.ftl"("en", UTF-8, parsed); will try to load it.
2022-07-31 11:38:43 DEBUG cache:45 - TemplateLoader.findTemplateSource("v3html/logs-view/v3-html-testrunner-logs-view_en.ftl"): Not found
2022-07-31 11:38:43 DEBUG cache:45 - TemplateLoader.findTemplateSource("v3html/logs-view/v3-html-testrunner-logs-view.ftl"): Found
2022-07-31 11:38:43 DEBUG cache:45 - Loading template for "v3html/logs-view/v3-html-testrunner-logs-view.ftl"("en", UTF-8, parsed) from "jar:file:/C:/Users/Kedar%20Patil/.m2/repository/com/aventstack/extentreports/4.0.9/extentreports-4.0.9.jar!/com/aventstack/extentreports/view/v3html/logs-view/v3-html-testrunner-logs-view.ftl"
